<?xml version="1.0" encoding="UTF-8"?>
<!-- Generated by org.testng.reporters.JUnitReportReporter -->
<testsuite skipped="0" hostname="ZIVLPT243" name="com.java.multithreadApproach.TestPage1" tests="3" failures="0" timestamp="09 May 2020 09:02:17 GMT" time="0.044" errors="0">
  <testcase name="testCaseSix" time="0.014" classname="com.java.multithreadApproach.TestPage1"/>
  <testcase name="testCaseFour" time="0.015" classname="com.java.multithreadApproach.TestPage1"/>
  <testcase name="testCaseFive" time="0.015" classname="com.java.multithreadApproach.TestPage1"/>
</testsuite> <!-- com.java.multithreadApproach.TestPage1 -->
