<?xml version="1.0" encoding="UTF-8"?>
<!-- Generated by org.testng.reporters.JUnitReportReporter -->
<testsuite skipped="0" hostname="ZIVLPT243" name="testNGTutorial.GoogleLoginTC" tests="1" failures="0" timestamp="01 Mar 2020 11:06:09 GMT" time="0.002" errors="0">
  <testcase name="googleLogin_validUserName_Password" time="0.002" classname="testNGTutorial.GoogleLoginTC"/>
</testsuite> <!-- testNGTutorial.GoogleLoginTC -->
