<?xml version="1.0" encoding="UTF-8"?>
<!-- Generated by org.testng.reporters.JUnitReportReporter -->
<testsuite skipped="0" hostname="ZIVLPT243" name="com.java.basics.HandlingBootStrapDropDown" tests="4" failures="0" timestamp="22 Mar 2020 13:23:09 GMT" time="63.679" errors="0">
  <testcase name="printallOptions" time="9.171" classname="com.java.basics.HandlingBootStrapDropDown"/>
  <testcase name="clickSelected" time="11.123" classname="com.java.basics.HandlingBootStrapDropDown"/>
  <testcase name="clickSelectedOnCondiion2" time="35.204" classname="com.java.basics.HandlingBootStrapDropDown"/>
  <testcase name="clickSelectedOnCondiion" time="8.181" classname="com.java.basics.HandlingBootStrapDropDown"/>
</testsuite> <!-- com.java.basics.HandlingBootStrapDropDown -->
