<?xml version="1.0" encoding="UTF-8"?>
<!-- Generated by org.testng.reporters.JUnitReportReporter -->
<testsuite skipped="0" hostname="ZIVLPT243" name="com.java.basics.HandlingBootStrapDropDown" tests="3" failures="0" timestamp="09 May 2020 13:03:57 GMT" time="58.300" errors="0">
  <testcase name="printallOptions" time="15.085" classname="com.java.basics.HandlingBootStrapDropDown"/>
  <testcase name="clickSelected" time="12.184" classname="com.java.basics.HandlingBootStrapDropDown"/>
  <testcase name="clickSelectedOnCondiion2" time="31.031" classname="com.java.basics.HandlingBootStrapDropDown"/>
</testsuite> <!-- com.java.basics.HandlingBootStrapDropDown -->
