<?xml version="1.0" encoding="UTF-8"?>
<!-- Generated by org.testng.reporters.JUnitReportReporter -->
<testsuite skipped="0" hostname="ZIVLPT243" name="testNGTutorial.GoogleRegistrationTC" tests="2" failures="0" timestamp="01 Mar 2020 11:06:09 GMT" time="0.006" errors="0">
  <testcase name="GoogleRegistration_Invaliddata" time="0.004" classname="testNGTutorial.GoogleRegistrationTC"/>
  <testcase name="GoogleRegistration_validData" time="0.002" classname="testNGTutorial.GoogleRegistrationTC"/>
</testsuite> <!-- testNGTutorial.GoogleRegistrationTC -->
