<?xml version="1.0" encoding="UTF-8"?>
<!-- Generated by org.testng.reporters.JUnitReportReporter -->
<testsuite skipped="0" hostname="ZIVLPT243" name="com.java.multithreadApproach.TestPage3" tests="3" failures="0" timestamp="09 May 2020 09:02:17 GMT" time="0.014" errors="0">
  <testcase name="testCaseSeven" time="0.007" classname="com.java.multithreadApproach.TestPage3"/>
  <testcase name="testCaseEight" time="0.004" classname="com.java.multithreadApproach.TestPage3"/>
  <testcase name="testCaseNine" time="0.003" classname="com.java.multithreadApproach.TestPage3"/>
</testsuite> <!-- com.java.multithreadApproach.TestPage3 -->
