<?xml version="1.0" encoding="UTF-8"?>
<!-- Generated by org.testng.reporters.JUnitReportReporter -->
<testsuite skipped="0" hostname="ZIVLPT243" name="com.java.datadriven.ExcelReader" tests="1" failures="0" timestamp="15 Feb 2020 02:54:25 GMT" time="0.641" errors="0">
  <testcase name="printData" time="0.641" classname="com.java.datadriven.ExcelReader"/>
</testsuite> <!-- com.java.datadriven.ExcelReader -->
