<?xml version="1.0" encoding="UTF-8"?>
<!-- Generated by org.testng.reporters.JUnitReportReporter -->
<testsuite skipped="0" hostname="ZIVLPT243" name="com.java.multithreadApproach.TestPage2" tests="3" failures="0" timestamp="09 May 2020 09:02:17 GMT" time="0.007" errors="0">
  <testcase name="testCaseOne" time="0.001" classname="com.java.multithreadApproach.TestPage2"/>
  <testcase name="testCaseThree" time="0.002" classname="com.java.multithreadApproach.TestPage2"/>
  <testcase name="testCaseTwo" time="0.004" classname="com.java.multithreadApproach.TestPage2"/>
</testsuite> <!-- com.java.multithreadApproach.TestPage2 -->
