<?xml version="1.0" encoding="UTF-8"?>
<!-- Generated by org.testng.reporters.JUnitReportReporter -->
<testsuite skipped="0" hostname="ZIVLPT243" name="testNGTutorial.ZivameRegistrationTC" tests="2" failures="0" timestamp="01 Mar 2020 11:06:09 GMT" time="0.003" errors="0">
  <testcase name="zivameRegistration_validData" time="0.001" classname="testNGTutorial.ZivameRegistrationTC"/>
  <testcase name="zivameRegistration_Invaliddata" time="0.002" classname="testNGTutorial.ZivameRegistrationTC"/>
</testsuite> <!-- testNGTutorial.ZivameRegistrationTC -->
