<?xml version="1.0" encoding="UTF-8"?>
<!-- Generated by org.testng.reporters.JUnitReportReporter -->
<testsuite skipped="0" hostname="ZIVLPT243" name="com.java.popup.PopUpHandling" tests="1" failures="0" timestamp="11 Jul 2020 17:45:24 GMT" time="7.605" errors="0">
  <testcase name="ahandleAuthentication" time="7.605" classname="com.java.popup.PopUpHandling"/>
</testsuite> <!-- com.java.popup.PopUpHandling -->
