<?xml version="1.0" encoding="UTF-8"?>
<!-- Generated by org.testng.reporters.JUnitReportReporter -->
<testsuite skipped="0" hostname="ZIVLPT243" name="com.java.basics.HandlingBootStrapDropDown" tests="3" failures="0" timestamp="18 May 2020 17:59:06 GMT" time="62.804" errors="0">
  <testcase name="printallOptions" time="15.279" classname="com.java.basics.HandlingBootStrapDropDown"/>
  <testcase name="clickSelected" time="12.327" classname="com.java.basics.HandlingBootStrapDropDown"/>
  <testcase name="clickSelectedOnCondiion2" time="35.198" classname="com.java.basics.HandlingBootStrapDropDown"/>
</testsuite> <!-- com.java.basics.HandlingBootStrapDropDown -->
