<?xml version="1.0" encoding="UTF-8"?>
<!-- Generated by org.testng.reporters.JUnitReportReporter -->
<testsuite skipped="0" hostname="ZIVLPT243" name="testNGTutorial.FaceBookLoginTC" tests="3" failures="0" timestamp="01 Mar 2020 11:06:09 GMT" time="0.013" errors="0">
  <testcase name="facebookLogin_InvalidUserName_Passowrd" time="0.005" classname="testNGTutorial.FaceBookLoginTC"/>
  <testcase name="facebookLogin_validUserName_Password" time="0.005" classname="testNGTutorial.FaceBookLoginTC"/>
  <testcase name="facebookLogin_BlankUserName_Passoword" time="0.003" classname="testNGTutorial.FaceBookLoginTC"/>
</testsuite> <!-- testNGTutorial.FaceBookLoginTC -->
