<?xml version="1.0" encoding="UTF-8"?>
<!-- Generated by org.testng.reporters.JUnitReportReporter -->
<testsuite skipped="0" hostname="ZIVLPT243" name="testNGTutorial.WishListTC" tests="2" failures="0" timestamp="01 Mar 2020 11:06:09 GMT" time="0.007" errors="0">
  <testcase name="addSingleItemToWishList" time="0.005" classname="testNGTutorial.WishListTC"/>
  <testcase name="addMultipleItemToWishList" time="0.002" classname="testNGTutorial.WishListTC"/>
</testsuite> <!-- testNGTutorial.WishListTC -->
