<?xml version="1.0" encoding="UTF-8"?>
<!-- Generated by org.testng.reporters.JUnitReportReporter -->
<testsuite skipped="0" hostname="ZIVLPT243" name="testNGTutorial.ZivameLoginTC" tests="3" failures="0" timestamp="01 Mar 2020 11:06:09 GMT" time="0.021" errors="0">
  <testcase name="zivameLogin_validUserName_Password" time="0.018" classname="testNGTutorial.ZivameLoginTC"/>
  <testcase name="zivameLogin_InvalidUserName_Passowrd" time="0.002" classname="testNGTutorial.ZivameLoginTC"/>
  <testcase name="zivameLogin_BlankUserName_Passoword" time="0.001" classname="testNGTutorial.ZivameLoginTC"/>
</testsuite> <!-- testNGTutorial.ZivameLoginTC -->
