<?xml version="1.0" encoding="UTF-8"?>
<!-- Generated by org.testng.reporters.JUnitReportReporter -->
<testsuite skipped="7" hostname="ZIVLPT243" name="com.java.popUpHandling.AlertPopUphandling" tests="8" failures="0" timestamp="11 Jul 2020 12:57:25 GMT" time="13.208" errors="0">
  <testcase name="alertScreenShot" time="13.208" classname="com.java.popUpHandling.AlertPopUphandling"/>
  <testcase name="alerthandleConfirm" classname="com.java.popUpHandling.AlertPopUphandling">
    <skipped/>
  </testcase> <!-- alerthandleConfirm -->
  <testcase name="alerthandlePrompt" classname="com.java.popUpHandling.AlertPopUphandling">
    <skipped/>
  </testcase> <!-- alerthandlePrompt -->
  <testcase name="uploadHandle_sendKeys" classname="com.java.popUpHandling.AlertPopUphandling">
    <skipped/>
  </testcase> <!-- uploadHandle_sendKeys -->
  <testcase name="alerthandleAccept" classname="com.java.popUpHandling.AlertPopUphandling">
    <skipped/>
  </testcase> <!-- alerthandleAccept -->
  <testcase name="alerthandleDismiss" classname="com.java.popUpHandling.AlertPopUphandling">
    <skipped/>
  </testcase> <!-- alerthandleDismiss -->
  <testcase name="alertAccept" classname="com.java.popUpHandling.AlertPopUphandling">
    <skipped/>
  </testcase> <!-- alertAccept -->
  <testcase name="uploadHandle_robotClass" classname="com.java.popUpHandling.AlertPopUphandling">
    <skipped/>
  </testcase> <!-- uploadHandle_robotClass -->
</testsuite> <!-- com.java.popUpHandling.AlertPopUphandling -->
