<?xml version="1.0" encoding="UTF-8"?>
<!-- Generated by org.testng.reporters.JUnitReportReporter -->
<testsuite skipped="0" hostname="ZIVLPT243" name="testNGTutorial.FaceBookRegistrationTC" tests="2" failures="0" timestamp="01 Mar 2020 11:06:09 GMT" time="0.002" errors="0">
  <testcase name="facebookRegistration_validData" time="0.001" classname="testNGTutorial.FaceBookRegistrationTC"/>
  <testcase name="facebookRegistration_Invaliddata" time="0.001" classname="testNGTutorial.FaceBookRegistrationTC"/>
</testsuite> <!-- testNGTutorial.FaceBookRegistrationTC -->
