<?xml version="1.0" encoding="UTF-8"?>
<!-- Generated by org.testng.reporters.JUnitReportReporter -->
<testsuite skipped="3" hostname="ZIVLPT243" name="com.java.basics.HandlingDropDown" tests="4" failures="0" timestamp="22 Mar 2020 13:12:47 GMT" time="10.435" errors="0">
  <testcase name="getSelectedOptions" time="10.435" classname="com.java.basics.HandlingDropDown"/>
  <testcase name="printAllOptions" classname="com.java.basics.HandlingDropDown">
    <skipped/>
  </testcase> <!-- printAllOptions -->
  <testcase name="handlingMultiValueDropDown" classname="com.java.basics.HandlingDropDown">
    <skipped/>
  </testcase> <!-- handlingMultiValueDropDown -->
  <testcase name="selectTagHandling" classname="com.java.basics.HandlingDropDown">
    <skipped/>
  </testcase> <!-- selectTagHandling -->
</testsuite> <!-- com.java.basics.HandlingDropDown -->
