<?xml version="1.0" encoding="UTF-8"?>
<!-- Generated by org.testng.reporters.JUnitReportReporter -->
<testsuite skipped="1" hostname="ZIVLPT243" name="testNGTutorial.PaymentTC" tests="4" failures="0" timestamp="01 Mar 2020 11:06:09 GMT" time="0.005" errors="0">
  <testcase name="PaymenByWallet_FreeCharge" time="0.001" classname="testNGTutorial.PaymentTC"/>
  <testcase name="PaymenByWallet_PhonePe" time="0.003" classname="testNGTutorial.PaymentTC"/>
  <testcase name="PaymenByWallet_GooglePay" time="0.001" classname="testNGTutorial.PaymentTC"/>
  <testcase name="PaymenByCreditcard" classname="testNGTutorial.PaymentTC">
    <skipped/>
  </testcase> <!-- PaymenByCreditcard -->
</testsuite> <!-- testNGTutorial.PaymentTC -->
